sending incremental file list
drwxrwxrwx          4.10K 2023/03/11 14:49:44 .
-rwxrwxrwx          1.09K 2023/03/06 14:05:06 LICENSE
-rwxrwxrwx             18 2023/03/06 14:05:06 README.md
-rwxrwxrwx            645 2023/03/09 22:27:42 pyproject.toml
drwxrwxrwx          4.10K 2023/03/09 22:28:12 dist
-rwxrwxrwx          4.23K 2023/03/09 22:28:01 dist/xeno_canto_utils_nbm-0.0.7-py2.py3-none-any.whl
-rwxrwxrwx          3.02K 2023/03/09 22:27:54 dist/xeno_canto_utils_nbm-0.0.7.tar.gz
drwxrwxrwx          4.10K 2023/03/11 14:45:39 new_XC_ds
-rwxrwxrwx            450 2023/03/10 22:03:06 new_XC_ds/file_ids.json
-rwxrwxrwx             10 2023/03/11 14:45:55 new_XC_ds/file_ids_bruits.json
drwxrwxrwx          4.10K 2023/03/09 23:51:00 new_XC_ds/charadrius_hiaticula_A
-rwxrwxrwx             68 2023/03/09 22:34:33 new_XC_ds/charadrius_hiaticula_A/charadrius_hiaticula#526268.txt
-rwxrwxrwx            473 2023/03/09 22:38:47 new_XC_ds/charadrius_hiaticula_A/charadrius_hiaticula#576514.txt
-rwxrwxrwx          1.71K 2023/03/09 22:54:31 new_XC_ds/charadrius_hiaticula_A/charadrius_hiaticula#639993.txt
-rwxrwxrwx             67 2023/03/09 22:55:39 new_XC_ds/charadrius_hiaticula_A/charadrius_hiaticula#642402.txt
-rwxrwxrwx            268 2023/03/09 22:56:39 new_XC_ds/charadrius_hiaticula_A/charadrius_hiaticula#643242.txt
-rwxrwxrwx            951 2023/03/09 23:04:27 new_XC_ds/charadrius_hiaticula_A/charadrius_hiaticula#646637.txt
-rwxrwxrwx            335 2023/03/09 23:06:22 new_XC_ds/charadrius_hiaticula_A/charadrius_hiaticula#667960.txt
-rwxrwxrwx            133 2023/03/09 23:07:40 new_XC_ds/charadrius_hiaticula_A/charadrius_hiaticula#667962.txt
-rwxrwxrwx            201 2023/03/09 23:08:27 new_XC_ds/charadrius_hiaticula_A/charadrius_hiaticula#670479.txt
-rwxrwxrwx            268 2023/03/09 23:09:27 new_XC_ds/charadrius_hiaticula_A/charadrius_hiaticula#670659.txt
-rwxrwxrwx            203 2023/03/09 23:10:07 new_XC_ds/charadrius_hiaticula_A/charadrius_hiaticula#671224.txt
-rwxrwxrwx            268 2023/03/09 23:10:45 new_XC_ds/charadrius_hiaticula_A/charadrius_hiaticula#673160.txt
-rwxrwxrwx            134 2023/03/09 23:11:34 new_XC_ds/charadrius_hiaticula_A/charadrius_hiaticula#674601.txt
-rwxrwxrwx          1.34K 2023/03/09 23:18:46 new_XC_ds/charadrius_hiaticula_A/charadrius_hiaticula#687106.txt
-rwxrwxrwx             66 2023/03/09 23:19:31 new_XC_ds/charadrius_hiaticula_A/charadrius_hiaticula#687108.txt
-rwxrwxrwx            613 2023/03/09 23:21:27 new_XC_ds/charadrius_hiaticula_A/charadrius_hiaticula#687112.txt
-rwxrwxrwx            205 2023/03/09 23:22:37 new_XC_ds/charadrius_hiaticula_A/charadrius_hiaticula#687118.txt
-rwxrwxrwx        198.22K 2023/03/09 22:29:16 new_XC_ds/charadrius_hiaticula_A/charadrius_hiaticula#693070.mp3
-rwxrwxrwx            339 2023/03/09 23:24:48 new_XC_ds/charadrius_hiaticula_A/charadrius_hiaticula#722002.txt
-rwxrwxrwx             67 2023/03/09 23:25:27 new_XC_ds/charadrius_hiaticula_A/charadrius_hiaticula#722841.txt
-rwxrwxrwx            389 2023/03/09 23:31:47 new_XC_ds/charadrius_hiaticula_A/charadrius_hiaticula#723925.txt
-rwxrwxrwx             67 2023/03/09 23:32:34 new_XC_ds/charadrius_hiaticula_A/charadrius_hiaticula#724516.txt
-rwxrwxrwx            202 2023/03/09 23:34:03 new_XC_ds/charadrius_hiaticula_A/charadrius_hiaticula#725953.txt
-rwxrwxrwx            124 2023/03/09 23:35:02 new_XC_ds/charadrius_hiaticula_A/charadrius_hiaticula#737090.txt
-rwxrwxrwx          1.30K 2023/03/09 23:37:38 new_XC_ds/charadrius_hiaticula_A/charadrius_hiaticula#740387.txt
-rwxrwxrwx        226.51K 2023/03/09 22:29:17 new_XC_ds/charadrius_hiaticula_A/charadrius_hiaticula#748313.mp3
-rwxrwxrwx            680 2023/03/09 23:45:59 new_XC_ds/charadrius_hiaticula_A/charadrius_hiaticula#754947.txt
-rwxrwxrwx             67 2023/03/09 23:46:29 new_XC_ds/charadrius_hiaticula_A/charadrius_hiaticula#757044.txt
-rwxrwxrwx            539 2023/03/09 23:47:22 new_XC_ds/charadrius_hiaticula_A/charadrius_hiaticula#757873.txt
-rwxrwxrwx             69 2023/03/09 23:47:52 new_XC_ds/charadrius_hiaticula_A/charadrius_hiaticula#759884.txt
drwxrwxrwx          4.10K 2023/03/11 14:47:01 new_XC_ds/charadrius_hiaticula_D
-rwxrwxrwx            603 2023/03/10 22:10:50 new_XC_ds/charadrius_hiaticula_D/charadrius_hiaticula#439319.txt
-rwxrwxrwx             67 2023/03/11 14:23:33 new_XC_ds/charadrius_hiaticula_D/charadrius_hiaticula#443980.txt
-rwxrwxrwx             67 2023/03/11 14:24:19 new_XC_ds/charadrius_hiaticula_D/charadrius_hiaticula#533607.txt
-rwxrwxrwx            270 2023/03/11 14:25:25 new_XC_ds/charadrius_hiaticula_D/charadrius_hiaticula#553226.txt
-rwxrwxrwx            701 2023/03/11 14:29:22 new_XC_ds/charadrius_hiaticula_D/charadrius_hiaticula#555747.txt
-rwxrwxrwx            134 2023/03/11 14:32:03 new_XC_ds/charadrius_hiaticula_D/charadrius_hiaticula#556883.txt
-rwxrwxrwx          2.72K 2023/03/11 14:36:55 new_XC_ds/charadrius_hiaticula_D/charadrius_hiaticula#563722.txt
-rwxrwxrwx             67 2023/03/11 14:37:34 new_XC_ds/charadrius_hiaticula_D/charadrius_hiaticula#585127.txt
-rwxrwxrwx            670 2023/03/11 14:39:22 new_XC_ds/charadrius_hiaticula_D/charadrius_hiaticula#585960.txt
-rwxrwxrwx             67 2023/03/11 14:39:54 new_XC_ds/charadrius_hiaticula_D/charadrius_hiaticula#647150.txt
-rwxrwxrwx             67 2023/03/11 14:40:32 new_XC_ds/charadrius_hiaticula_D/charadrius_hiaticula#649364.txt
-rwxrwxrwx            134 2023/03/11 14:41:07 new_XC_ds/charadrius_hiaticula_D/charadrius_hiaticula#673846.txt
-rwxrwxrwx            749 2023/03/11 14:42:45 new_XC_ds/charadrius_hiaticula_D/charadrius_hiaticula#702752.txt
-rwxrwxrwx            258 2023/03/11 14:43:53 new_XC_ds/charadrius_hiaticula_D/charadrius_hiaticula#747803.txt
-rwxrwxrwx            337 2023/03/11 14:45:08 new_XC_ds/charadrius_hiaticula_D/charadrius_hiaticula#750838.txt
drwxrwxrwx          4.10K 2023/03/07 12:56:49 xeno_canto_utils_nbm
-rwxrwxrwx              0 2023/03/06 17:20:10 xeno_canto_utils_nbm/__init__.py
-rwxrwxrwx          4.34K 2023/03/09 22:29:38 xeno_canto_utils_nbm/xeno_canto_utils.py

sent 1.70K bytes  received 6.30K bytes  16.01K bytes/sec
total size is 456.60K  speedup is 57.05
